14:06:17 **** Incremental Build of configuration Debug for project mnistCUDNN ****
make all 
Building target: mnistCUDNN
Invoking: NVCC Linker
/usr/local/cuda-8.0/bin/nvcc --cudart static -L/usr/local/cuda/lib64 -L"/home/yildbs/Workspace/cuDNN/Workspace/mnistCUDNN/FreeImage/lib/linux/x86_64" --relocatable-device-code=false -gencode arch=compute_60,code=compute_60 -gencode arch=compute_60,code=sm_60 -link -o  "mnistCUDNN"  ./fp16_dev.o ./fp16_emu.o ./mnistCUDNN.o   -lcudnn -lcublas -lfreeimage -lstdc++ -lm -lcudart
Finished building target: mnistCUDNN
 
14:08:47 **** Incremental Build of configuration Debug for project HelloCUDA ****
make all 
make: Nothing to be done for 'all'.
14:08:47 **** Incremental Build of configuration Debug for project mnistCUDNN ****
make all 
Building target: mnistCUDNN
Invoking: NVCC Linker
/usr/local/cuda-8.0/bin/nvcc --cudart static -L/usr/local/cuda/lib64 -L"/home/yildbs/Workspace/cuDNN/Workspace/mnistCUDNN/FreeImage/lib/linux/x86_64" --relocatable-device-code=false -gencode arch=compute_60,code=compute_60 -gencode arch=compute_60,code=sm_60 -link -o  "mnistCUDNN"  ./fp16_dev.o ./fp16_emu.o ./mnistCUDNN.o   -lcudnn -lcublas -lfreeimage -lstdc++ -lm -lcudart
Finished building target: mnistCUDNN
 
14:08:55 **** Incremental Build of configuration Debug for project mnistCUDNN ****
make all 
make: Nothing to be done for 'all'.
14:22:45 **** Incremental Build of configuration Debug for project mnistCUDNN ****
make all 
make: Nothing to be done for 'all'.
14:23:25 **** Incremental Build of configuration Debug for project mnistCUDNN ****
make all 
make: Nothing to be done for 'all'.
15:09:45 **** Incremental Build of configuration Debug for project mnistCUDNN ****
make all 
make: Nothing to be done for 'all'.
18:40:04 **** Build of configuration Debug for project PracticeCUDNN ****
make all 
Building file: ../main.cpp
nvcc warning : The 'compute_20', 'sm_20', and 'sm_21' architectures are deprecated, and may be removed in a future release (Use -Wno-deprecated-gpu-targets to suppress warning).
Invoking: NVCC Compiler
/usr/local/cuda-8.0/bin/nvcc -G -g -O0 -gencode arch=compute_20,code=sm_20 -gencode arch=compute_60,code=sm_60  -odir "." -M -o "main.d" "../main.cpp"
nvcc warning : The 'compute_20', 'sm_20', and 'sm_21' architectures are deprecated, and may be removed in a future release (Use -Wno-deprecated-gpu-targets to suppress warning).
/usr/local/cuda-8.0/bin/nvcc -G -g -O0 --compile  -x c++ -o  "main.o" "../main.cpp"
Finished building: ../main.cpp
 
Building target: PracticeCUDNN
Invoking: NVCC Linker
/usr/local/cuda-8.0/bin/nvcc --cudart static --relocatable-device-code=false -gencode arch=compute_20,code=compute_20 -gencode arch=compute_60,code=compute_60 -gencode arch=compute_20,code=sm_20 -gencode arch=compute_60,code=sm_60 -link -o  "PracticeCUDNN"  ./main.o   
nvcc warning : The 'compute_20', 'sm_20', and 'sm_21' architectures are deprecated, and may be removed in a future release (Use -Wno-deprecated-gpu-targets to suppress warning).
Finished building target: PracticeCUDNN
 
18:40:05 **** Incremental Build of configuration Debug for project PracticeCUDNN ****
make all 
make: Nothing to be done for 'all'.
18:51:43 **** Incremental Build of configuration Debug for project PracticeCUDNN ****
make all 
Building file: ../main.cpp
Invoking: NVCC Compiler
/usr/local/cuda-8.0/bin/nvcc -I/usr/local/include/opencv -I/usr/local/include/opencv2 -G -g -O0 -gencode arch=compute_20,code=sm_20 -gencode arch=compute_60,code=sm_60  -odir "." -M -o "main.d" "../main.cpp"
nvcc warning : The 'compute_20', 'sm_20', and 'sm_21' architectures are deprecated, and may be removed in a future release (Use -Wno-deprecated-gpu-targets to suppress warning).
/usr/local/cuda-8.0/bin/nvcc -I/usr/local/include/opencv -I/usr/local/include/opencv2 -G -g -O0 --compile  -x c++ -o  "main.o" "../main.cpp"
nvcc warning : The 'compute_20', 'sm_20', and 'sm_21' architectures are deprecated, and may be removed in a future release (Use -Wno-deprecated-gpu-targets to suppress warning).
Finished building: ../main.cpp
 
Building target: PracticeCUDNN
Invoking: NVCC Linker
/usr/local/cuda-8.0/bin/nvcc --cudart static --relocatable-device-code=false -gencode arch=compute_20,code=compute_20 -gencode arch=compute_60,code=compute_60 -gencode arch=compute_20,code=sm_20 -gencode arch=compute_60,code=sm_60 -link -o  "PracticeCUDNN"  ./main.o   -l-lopencv_cudabgsegm\ -lopencv_cudaobjdetect\ -lopencv_cudastereo\ -lopencv_stitching\ -lopencv_cudafeatures2d\ -lopencv_superres\ -lopencv_cudacodec\ -lopencv_videostab\ -lopencv_cudaoptflow\ -lopencv_cudalegacy\ -lopencv_cudawarping\ -lopencv_aruco\ -lopencv_bgsegm\ -lopencv_bioinspired\ -lopencv_ccalib\ -lopencv_dpm\ -lopencv_freetype\ -lopencv_fuzzy\ -lopencv_line_descriptor\ -lopencv_optflow\ -lopencv_reg\ -lopencv_saliency\ -lopencv_stereo\ -lopencv_structured_light\ -lopencv_phase_unwrapping\ -lopencv_rgbd\ -lopencv_surface_matching\ -lopencv_tracking\ -lopencv_datasets\ -lopencv_text\ -lopencv_face\ -lopencv_plot\ -lopencv_dnn\ -lopencv_xfeatures2d\ -lopencv_shape\ -lopencv_video\ -lopencv_ximgproc\ -lopencv_calib3d\ -lopencv_features2d\ -lopencv_flann\ -lopencv_xobjdetect\ -lopencv_objdetect\ -lopencv_ml\ -lopencv_xphoto\ -lopencv_highgui\ -lopencv_videoio\ -lopencv_photo\ -lopencv_imgcodecs\ -lopencv_cudaimgproc\ -lopencv_cudafilters\ -lopencv_imgproc\ -lopencv_cudaarithm\ -lopencv_core\ -lopencv_cudev
nvcc warning : The 'compute_20', 'sm_20', and 'sm_21' architectures are deprecated, and may be removed in a future release (Use -Wno-deprecated-gpu-targets to suppress warning).
/usr/bin/ld: cannot find -l-lopencv_cudabgsegm
makefile:58: recipe for target 'PracticeCUDNN' failed
collect2: error: ld returned 1 exit status
make: *** [PracticeCUDNN] Error 1
18:59:37 **** Incremental Build of configuration Debug for project PracticeCUDNN ****
make all 
Building target: PracticeCUDNN
Invoking: NVCC Linker
/usr/local/cuda-8.0/bin/nvcc --cudart static --relocatable-device-code=false -gencode arch=compute_20,code=compute_20 -gencode arch=compute_60,code=compute_60 -gencode arch=compute_20,code=sm_20 -gencode arch=compute_60,code=sm_60 -link -o  "PracticeCUDNN"  ./main.o   -lopencv_cudabgsegm -lopencv_cudaobjdetect
nvcc warning : The 'compute_20', 'sm_20', and 'sm_21' architectures are deprecated, and may be removed in a future release (Use -Wno-deprecated-gpu-targets to suppress warning).
Finished building target: PracticeCUDNN
 
19:03:05 **** Incremental Build of configuration Debug for project PracticeCUDNN ****
make all 
Building file: ../main.cpp
Invoking: NVCC Compiler
/usr/local/cuda-8.0/bin/nvcc -I/usr/local/include/opencv -I/usr/local/include/opencv2 -G -g -O0 -gencode arch=compute_20,code=sm_20 -gencode arch=compute_60,code=sm_60  -odir "." -M -o "main.d" "../main.cpp"
nvcc warning : The 'compute_20', 'sm_20', and 'sm_21' architectures are deprecated, and may be removed in a future release (Use -Wno-deprecated-gpu-targets to suppress warning).
/usr/local/cuda-8.0/bin/nvcc -I/usr/local/include/opencv -I/usr/local/include/opencv2 -G -g -O0 --compile  -x c++ -o  "main.o" "../main.cpp"
nvcc warning : The 'compute_20', 'sm_20', and 'sm_21' architectures are deprecated, and may be removed in a future release (Use -Wno-deprecated-gpu-targets to suppress warning).
../main.cpp:13:13: warning: multi-character character constant [-Wmultichar]
  cv::imshow('img', img);
             ^
In file included from /usr/local/include/opencv2/core/base.hpp:58:0,
                 from /usr/local/include/opencv2/core.hpp:54,
                 from /usr/local/include/opencv2/imgproc.hpp:46,
                 from ../main.cpp:3:
/usr/local/include/opencv2/core/cvstd.hpp: In function ‘int main()’:
/usr/local/include/opencv2/core/cvstd.hpp:577:5: error: ‘cv::String::String(int)’ is private
     String(int); // disabled and invalid. Catch invalid usages like, commandLineParser.has(0) problem
     ^
../main.cpp:13:23: error: within this context
  cv::imshow('img', img);
                       ^
make: *** [main.o] Error 1
subdir.mk:18: recipe for target 'main.o' failed
19:03:56 **** Incremental Build of configuration Debug for project PracticeCUDNN ****
make all 
Building file: ../main.cpp
Invoking: NVCC Compiler
/usr/local/cuda-8.0/bin/nvcc -I/usr/local/include/opencv -I/usr/local/include/opencv2 -G -g -O0 -gencode arch=compute_20,code=sm_20 -gencode arch=compute_60,code=sm_60  -odir "." -M -o "main.d" "../main.cpp"
nvcc warning : The 'compute_20', 'sm_20', and 'sm_21' architectures are deprecated, and may be removed in a future release (Use -Wno-deprecated-gpu-targets to suppress warning).
/usr/local/cuda-8.0/bin/nvcc -I/usr/local/include/opencv -I/usr/local/include/opencv2 -G -g -O0 --compile  -x c++ -o  "main.o" "../main.cpp"
nvcc warning : The 'compute_20', 'sm_20', and 'sm_21' architectures are deprecated, and may be removed in a future release (Use -Wno-deprecated-gpu-targets to suppress warning).
Finished building: ../main.cpp
 
Building target: PracticeCUDNN
Invoking: NVCC Linker
/usr/local/cuda-8.0/bin/nvcc --cudart static --relocatable-device-code=false -gencode arch=compute_20,code=compute_20 -gencode arch=compute_60,code=compute_60 -gencode arch=compute_20,code=sm_20 -gencode arch=compute_60,code=sm_60 -link -o  "PracticeCUDNN"  ./main.o   -lopencv_cudabgsegm -lopencv_cudaobjdetect -lopencv_cudastereo -lopencv_stitching -lopencv_cudafeatures2d -lopencv_superres -lopencv_cudacodec -lopencv_videostab -lopencv_cudaoptflow -lopencv_cudalegacy -lopencv_cudawarping -lopencv_aruco -lopencv_bgsegm -lopencv_bioinspired -lopencv_ccalib -lopencv_dpm -lopencv_freetype -lopencv_fuzzy -lopencv_line_descriptor -lopencv_optflow -lopencv_reg -lopencv_saliency -lopencv_stereo -lopencv_structured_light -lopencv_phase_unwrapping -lopencv_rgbd -lopencv_surface_matching -lopencv_tracking -lopencv_datasets -lopencv_text -lopencv_face -lopencv_plot -lopencv_dnn -lopencv_xfeatures2d -lopencv_shape -lopencv_video -lopencv_ximgproc -lopencv_calib3d -lopencv_features2d -lopencv_flann -lopencv_xobjdetect -lopencv_objdetect -lopencv_ml -lopencv_xphoto -lopencv_highgui -lopencv_videoio -lopencv_photo -lopencv_imgcodecs -lopencv_cudaimgproc -lopencv_cudafilters -lopencv_imgproc -lopencv_cudaarithm -lopencv_core -lopencv_cudev
nvcc warning : The 'compute_20', 'sm_20', and 'sm_21' architectures are deprecated, and may be removed in a future release (Use -Wno-deprecated-gpu-targets to suppress warning).
Finished building target: PracticeCUDNN
 
19:04:08 **** Incremental Build of configuration Debug for project PracticeCUDNN ****
make all 
make: Nothing to be done for 'all'.
19:04:32 **** Incremental Build of configuration Debug for project PracticeCUDNN ****
make all 
make: Nothing to be done for 'all'.
19:05:05 **** Incremental Build of configuration Debug for project PracticeCUDNN ****
make all 
Building file: ../main.cpp
Invoking: NVCC Compiler
/usr/local/cuda-8.0/bin/nvcc -I/usr/local/include/opencv -I/usr/local/include/opencv2 -G -g -O0 -gencode arch=compute_20,code=sm_20 -gencode arch=compute_60,code=sm_60  -odir "." -M -o "main.d" "../main.cpp"
nvcc warning : The 'compute_20', 'sm_20', and 'sm_21' architectures are deprecated, and may be removed in a future release (Use -Wno-deprecated-gpu-targets to suppress warning).
/usr/local/cuda-8.0/bin/nvcc -I/usr/local/include/opencv -I/usr/local/include/opencv2 -G -g -O0 --compile  -x c++ -o  "main.o" "../main.cpp"
nvcc warning : The 'compute_20', 'sm_20', and 'sm_21' architectures are deprecated, and may be removed in a future release (Use -Wno-deprecated-gpu-targets to suppress warning).
Finished building: ../main.cpp
 
Building target: PracticeCUDNN
Invoking: NVCC Linker
/usr/local/cuda-8.0/bin/nvcc --cudart static --relocatable-device-code=false -gencode arch=compute_20,code=compute_20 -gencode arch=compute_60,code=compute_60 -gencode arch=compute_20,code=sm_20 -gencode arch=compute_60,code=sm_60 -link -o  "PracticeCUDNN"  ./main.o   -lopencv_cudabgsegm -lopencv_cudaobjdetect -lopencv_cudastereo -lopencv_stitching -lopencv_cudafeatures2d -lopencv_superres -lopencv_cudacodec -lopencv_videostab -lopencv_cudaoptflow -lopencv_cudalegacy -lopencv_cudawarping -lopencv_aruco -lopencv_bgsegm -lopencv_bioinspired -lopencv_ccalib -lopencv_dpm -lopencv_freetype -lopencv_fuzzy -lopencv_line_descriptor -lopencv_optflow -lopencv_reg -lopencv_saliency -lopencv_stereo -lopencv_structured_light -lopencv_phase_unwrapping -lopencv_rgbd -lopencv_surface_matching -lopencv_tracking -lopencv_datasets -lopencv_text -lopencv_face -lopencv_plot -lopencv_dnn -lopencv_xfeatures2d -lopencv_shape -lopencv_video -lopencv_ximgproc -lopencv_calib3d -lopencv_features2d -lopencv_flann -lopencv_xobjdetect -lopencv_objdetect -lopencv_ml -lopencv_xphoto -lopencv_highgui -lopencv_videoio -lopencv_photo -lopencv_imgcodecs -lopencv_cudaimgproc -lopencv_cudafilters -lopencv_imgproc -lopencv_cudaarithm -lopencv_core -lopencv_cudev
nvcc warning : The 'compute_20', 'sm_20', and 'sm_21' architectures are deprecated, and may be removed in a future release (Use -Wno-deprecated-gpu-targets to suppress warning).
Finished building target: PracticeCUDNN
 
